Warning: ignoring unsupported tag `ALLOW_UNICODE_NAMES    =' at line 79, file /home/travis/build/rbaker26/BigBlueBox/rec/Doxyfile
Warning: ignoring unsupported tag `TOC_INCLUDE_HEADINGS   =' at line 313, file /home/travis/build/rbaker26/BigBlueBox/rec/Doxyfile
Warning: ignoring unsupported tag `GROUP_NESTED_COMPOUNDS =' at line 370, file /home/travis/build/rbaker26/BigBlueBox/rec/Doxyfile
Warning: ignoring unsupported tag `HIDE_COMPOUND_REFERENCE=' at line 541, file /home/travis/build/rbaker26/BigBlueBox/rec/Doxyfile
Warning: ignoring unsupported tag `WARN_AS_ERROR          =' at line 765, file /home/travis/build/rbaker26/BigBlueBox/rec/Doxyfile
Warning: Tag `CLANG_ASSISTED_PARSING' at line 1085 of file /home/travis/build/rbaker26/BigBlueBox/rec/Doxyfile belongs to an option that was not enabled at compile time.
To avoid this warning please remove this line from your configuration file, upgrade it using "doxygen -u", or recompile doxygen with this feature enabled.
Warning: Tag `CLANG_OPTIONS' at line 1093 of file /home/travis/build/rbaker26/BigBlueBox/rec/Doxyfile belongs to an option that was not enabled at compile time.
To avoid this warning please remove this line from your configuration file, upgrade it using "doxygen -u", or recompile doxygen with this feature enabled.
Warning: ignoring unsupported tag `LATEX_EXTRA_STYLESHEET =' at line 1765, file /home/travis/build/rbaker26/BigBlueBox/rec/Doxyfile
Warning: ignoring unsupported tag `LATEX_TIMESTAMP        =' at line 1832, file /home/travis/build/rbaker26/BigBlueBox/rec/Doxyfile
Warning: ignoring unsupported tag `RTF_SOURCE_CODE        =' at line 1898, file /home/travis/build/rbaker26/BigBlueBox/rec/Doxyfile
Warning: ignoring unsupported tag `MAN_SUBDIR             =' at line 1933, file /home/travis/build/rbaker26/BigBlueBox/rec/Doxyfile
Warning: ignoring unsupported tag `DOCBOOK_PROGRAMLISTING =' at line 1996, file /home/travis/build/rbaker26/BigBlueBox/rec/Doxyfile
Warning: ignoring unsupported tag `PLANTUML_JAR_PATH      =' at line 2425, file /home/travis/build/rbaker26/BigBlueBox/rec/Doxyfile
Warning: ignoring unsupported tag `PLANTUML_CFG_FILE      =' at line 2430, file /home/travis/build/rbaker26/BigBlueBox/rec/Doxyfile
Warning: ignoring unsupported tag `PLANTUML_INCLUDE_PATH  =' at line 2435, file /home/travis/build/rbaker26/BigBlueBox/rec/Doxyfile
Searching for include files...
Searching for example files...
Searching for images...
Searching for dot files...
Searching for msc files...
Searching for dia files...
Searching for files to exclude
Searching for files to process...
Searching for files in directory /home/travis/build/rbaker26/BigBlueBox
Searching for files in directory /home/travis/build/rbaker26/BigBlueBox/code_docs
Searching for files in directory /home/travis/build/rbaker26/BigBlueBox/code_docs/BigBlueBox
Searching for files in directory /home/travis/build/rbaker26/BigBlueBox/config
Searching for files in directory /home/travis/build/rbaker26/BigBlueBox/docs
Searching for files in directory /home/travis/build/rbaker26/BigBlueBox/rec
Searching for files in directory /home/travis/build/rbaker26/BigBlueBox/scripts
Searching for files in directory /home/travis/build/rbaker26/BigBlueBox/src
Searching for files in directory /home/travis/build/rbaker26/BigBlueBox/src/darkstyle
Searching for files in directory /home/travis/build/rbaker26/BigBlueBox/src/framelesswindow
Searching for files in directory /home/travis/build/rbaker26/BigBlueBox/src/images
Searching for files in directory /home/travis/build/rbaker26/BigBlueBox/src/pages
Searching for files in directory /home/travis/build/rbaker26/BigBlueBox/src/qr
Searching for files in directory /home/travis/build/rbaker26/BigBlueBox/src/test
Reading and parsing tag files
Parsing files
Preprocessing /home/travis/build/rbaker26/BigBlueBox/src/_filereader.cpp...
Parsing file /home/travis/build/rbaker26/BigBlueBox/src/_filereader.cpp...
Preprocessing /home/travis/build/rbaker26/BigBlueBox/src/_filereader.h...
Parsing file /home/travis/build/rbaker26/BigBlueBox/src/_filereader.h...
Preprocessing /home/travis/build/rbaker26/BigBlueBox/src/_filewriter.cpp...
Parsing file /home/travis/build/rbaker26/BigBlueBox/src/_filewriter.cpp...
Preprocessing /home/travis/build/rbaker26/BigBlueBox/src/_filewriter.h...
Parsing file /home/travis/build/rbaker26/BigBlueBox/src/_filewriter.h...
Preprocessing /home/travis/build/rbaker26/BigBlueBox/src/_regex.cpp...
Parsing file /home/travis/build/rbaker26/BigBlueBox/src/_regex.cpp...
Preprocessing /home/travis/build/rbaker26/BigBlueBox/src/_regex.h...
Parsing file /home/travis/build/rbaker26/BigBlueBox/src/_regex.h...
Preprocessing /home/travis/build/rbaker26/BigBlueBox/src/_settings.cpp...
Parsing file /home/travis/build/rbaker26/BigBlueBox/src/_settings.cpp...
Preprocessing /home/travis/build/rbaker26/BigBlueBox/src/_settings.h...
Parsing file /home/travis/build/rbaker26/BigBlueBox/src/_settings.h...
Preprocessing /home/travis/build/rbaker26/BigBlueBox/src/bbb.h...
Parsing file /home/travis/build/rbaker26/BigBlueBox/src/bbb.h...
Preprocessing /home/travis/build/rbaker26/BigBlueBox/src/category.cpp...
Parsing file /home/travis/build/rbaker26/BigBlueBox/src/category.cpp...
Preprocessing /home/travis/build/rbaker26/BigBlueBox/src/category.h...
Parsing file /home/travis/build/rbaker26/BigBlueBox/src/category.h...
Preprocessing /home/travis/build/rbaker26/BigBlueBox/src/DarkStyle.cpp...
Parsing file /home/travis/build/rbaker26/BigBlueBox/src/DarkStyle.cpp...
Preprocessing /home/travis/build/rbaker26/BigBlueBox/src/DarkStyle.h...
Parsing file /home/travis/build/rbaker26/BigBlueBox/src/DarkStyle.h...
Preprocessing /home/travis/build/rbaker26/BigBlueBox/src/dbconnect.cpp...
Parsing file /home/travis/build/rbaker26/BigBlueBox/src/dbconnect.cpp...
Preprocessing /home/travis/build/rbaker26/BigBlueBox/src/dbconnect.h...
Parsing file /home/travis/build/rbaker26/BigBlueBox/src/dbconnect.h...
Preprocessing /home/travis/build/rbaker26/BigBlueBox/src/directoryhandler.cpp...
Parsing file /home/travis/build/rbaker26/BigBlueBox/src/directoryhandler.cpp...
Preprocessing /home/travis/build/rbaker26/BigBlueBox/src/directoryhandler.h...
Parsing file /home/travis/build/rbaker26/BigBlueBox/src/directoryhandler.h...
Preprocessing /home/travis/build/rbaker26/BigBlueBox/src/framelesswindow/framelesswindow.cpp...
Parsing file /home/travis/build/rbaker26/BigBlueBox/src/framelesswindow/framelesswindow.cpp...
Preprocessing /home/travis/build/rbaker26/BigBlueBox/src/framelesswindow/framelesswindow.h...
Parsing file /home/travis/build/rbaker26/BigBlueBox/src/framelesswindow/framelesswindow.h...
Preprocessing /home/travis/build/rbaker26/BigBlueBox/src/framelesswindow/windowdragger.cpp...
Parsing file /home/travis/build/rbaker26/BigBlueBox/src/framelesswindow/windowdragger.cpp...
Preprocessing /home/travis/build/rbaker26/BigBlueBox/src/framelesswindow/windowdragger.h...
Parsing file /home/travis/build/rbaker26/BigBlueBox/src/framelesswindow/windowdragger.h...
Preprocessing /home/travis/build/rbaker26/BigBlueBox/src/gear.cpp...
Parsing file /home/travis/build/rbaker26/BigBlueBox/src/gear.cpp...
Preprocessing /home/travis/build/rbaker26/BigBlueBox/src/gear.h...
Parsing file /home/travis/build/rbaker26/BigBlueBox/src/gear.h...
Preprocessing /home/travis/build/rbaker26/BigBlueBox/src/item.cpp...
Parsing file /home/travis/build/rbaker26/BigBlueBox/src/item.cpp...
Preprocessing /home/travis/build/rbaker26/BigBlueBox/src/item.h...
Parsing file /home/travis/build/rbaker26/BigBlueBox/src/item.h...
Preprocessing /home/travis/build/rbaker26/BigBlueBox/src/jsonReader.cpp...
Parsing file /home/travis/build/rbaker26/BigBlueBox/src/jsonReader.cpp...
Preprocessing /home/travis/build/rbaker26/BigBlueBox/src/jsonReader.h...
Parsing file /home/travis/build/rbaker26/BigBlueBox/src/jsonReader.h...
Preprocessing /home/travis/build/rbaker26/BigBlueBox/src/main.cpp...
Parsing file /home/travis/build/rbaker26/BigBlueBox/src/main.cpp...
Preprocessing /home/travis/build/rbaker26/BigBlueBox/src/mainmenu.cpp...
Parsing file /home/travis/build/rbaker26/BigBlueBox/src/mainmenu.cpp...
Preprocessing /home/travis/build/rbaker26/BigBlueBox/src/mainmenu.h...
Parsing file /home/travis/build/rbaker26/BigBlueBox/src/mainmenu.h...
Preprocessing /home/travis/build/rbaker26/BigBlueBox/src/mainwindow.cpp...
Parsing file /home/travis/build/rbaker26/BigBlueBox/src/mainwindow.cpp...
Preprocessing /home/travis/build/rbaker26/BigBlueBox/src/mainwindow.h...
Parsing file /home/travis/build/rbaker26/BigBlueBox/src/mainwindow.h...
Preprocessing /home/travis/build/rbaker26/BigBlueBox/src/pages/gearCenter.cpp...
Parsing file /home/travis/build/rbaker26/BigBlueBox/src/pages/gearCenter.cpp...
Preprocessing /home/travis/build/rbaker26/BigBlueBox/src/pages/gearCenter.h...
Parsing file /home/travis/build/rbaker26/BigBlueBox/src/pages/gearCenter.h...
Preprocessing /home/travis/build/rbaker26/BigBlueBox/src/pages/gearManager.cpp...
Parsing file /home/travis/build/rbaker26/BigBlueBox/src/pages/gearManager.cpp...
Preprocessing /home/travis/build/rbaker26/BigBlueBox/src/pages/gearManager.h...
Parsing file /home/travis/build/rbaker26/BigBlueBox/src/pages/gearManager.h...
Preprocessing /home/travis/build/rbaker26/BigBlueBox/src/pages/settingspage.cpp...
Parsing file /home/travis/build/rbaker26/BigBlueBox/src/pages/settingspage.cpp...
Preprocessing /home/travis/build/rbaker26/BigBlueBox/src/pages/settingspage.h...
Parsing file /home/travis/build/rbaker26/BigBlueBox/src/pages/settingspage.h...
Preprocessing /home/travis/build/rbaker26/BigBlueBox/src/qr/BitBuffer.cpp...
Parsing file /home/travis/build/rbaker26/BigBlueBox/src/qr/BitBuffer.cpp...
Preprocessing /home/travis/build/rbaker26/BigBlueBox/src/qr/BitBuffer.h...
Parsing file /home/travis/build/rbaker26/BigBlueBox/src/qr/BitBuffer.h...
Preprocessing /home/travis/build/rbaker26/BigBlueBox/src/qr/QrCode.cpp...
Parsing file /home/travis/build/rbaker26/BigBlueBox/src/qr/QrCode.cpp...
Preprocessing /home/travis/build/rbaker26/BigBlueBox/src/qr/QrCode.h...
Parsing file /home/travis/build/rbaker26/BigBlueBox/src/qr/QrCode.h...
Preprocessing /home/travis/build/rbaker26/BigBlueBox/src/qr/QrCodeGeneratorDemo.cpp...
Parsing file /home/travis/build/rbaker26/BigBlueBox/src/qr/QrCodeGeneratorDemo.cpp...
Preprocessing /home/travis/build/rbaker26/BigBlueBox/src/qr/QrCodeGeneratorWorker.cpp...
Parsing file /home/travis/build/rbaker26/BigBlueBox/src/qr/QrCodeGeneratorWorker.cpp...
Preprocessing /home/travis/build/rbaker26/BigBlueBox/src/qr/QrInterface.cpp...
Parsing file /home/travis/build/rbaker26/BigBlueBox/src/qr/QrInterface.cpp...
Preprocessing /home/travis/build/rbaker26/BigBlueBox/src/qr/QrInterface.h...
Parsing file /home/travis/build/rbaker26/BigBlueBox/src/qr/QrInterface.h...
Preprocessing /home/travis/build/rbaker26/BigBlueBox/src/qr/QrSegment.cpp...
Parsing file /home/travis/build/rbaker26/BigBlueBox/src/qr/QrSegment.cpp...
Preprocessing /home/travis/build/rbaker26/BigBlueBox/src/qr/QrSegment.h...
Parsing file /home/travis/build/rbaker26/BigBlueBox/src/qr/QrSegment.h...
Preprocessing /home/travis/build/rbaker26/BigBlueBox/src/reportsView.cpp...
Parsing file /home/travis/build/rbaker26/BigBlueBox/src/reportsView.cpp...
Preprocessing /home/travis/build/rbaker26/BigBlueBox/src/reportsView.h...
Parsing file /home/travis/build/rbaker26/BigBlueBox/src/reportsView.h...
Preprocessing /home/travis/build/rbaker26/BigBlueBox/src/test/_filewriterbench.cpp...
Parsing file /home/travis/build/rbaker26/BigBlueBox/src/test/_filewriterbench.cpp...
Preprocessing /home/travis/build/rbaker26/BigBlueBox/src/test/_filewriterbench.h...
Parsing file /home/travis/build/rbaker26/BigBlueBox/src/test/_filewriterbench.h...
Preprocessing /home/travis/build/rbaker26/BigBlueBox/src/test/_regextest.cpp...
Parsing file /home/travis/build/rbaker26/BigBlueBox/src/test/_regextest.cpp...
Preprocessing /home/travis/build/rbaker26/BigBlueBox/src/test/_regextest.h...
Parsing file /home/travis/build/rbaker26/BigBlueBox/src/test/_regextest.h...
Preprocessing /home/travis/build/rbaker26/BigBlueBox/src/test/categorytest.cpp...
Parsing file /home/travis/build/rbaker26/BigBlueBox/src/test/categorytest.cpp...
Preprocessing /home/travis/build/rbaker26/BigBlueBox/src/test/categorytest.h...
Parsing file /home/travis/build/rbaker26/BigBlueBox/src/test/categorytest.h...
Preprocessing /home/travis/build/rbaker26/BigBlueBox/src/test/itemtest.cpp...
Parsing file /home/travis/build/rbaker26/BigBlueBox/src/test/itemtest.cpp...
Preprocessing /home/travis/build/rbaker26/BigBlueBox/src/test/itemtest.h...
Parsing file /home/travis/build/rbaker26/BigBlueBox/src/test/itemtest.h...
Preprocessing /home/travis/build/rbaker26/BigBlueBox/src/test/main.cpp...
Parsing file /home/travis/build/rbaker26/BigBlueBox/src/test/main.cpp...
Preprocessing /home/travis/build/rbaker26/BigBlueBox/src/test/qrtest.cpp...
Parsing file /home/travis/build/rbaker26/BigBlueBox/src/test/qrtest.cpp...
Preprocessing /home/travis/build/rbaker26/BigBlueBox/src/test/qrtest.h...
Parsing file /home/travis/build/rbaker26/BigBlueBox/src/test/qrtest.h...
Preprocessing /home/travis/build/rbaker26/BigBlueBox/src/test/unittest.cpp...
Parsing file /home/travis/build/rbaker26/BigBlueBox/src/test/unittest.cpp...
Preprocessing /home/travis/build/rbaker26/BigBlueBox/src/test/unittest.h...
Parsing file /home/travis/build/rbaker26/BigBlueBox/src/test/unittest.h...
Preprocessing /home/travis/build/rbaker26/BigBlueBox/src/usersession.cpp...
Parsing file /home/travis/build/rbaker26/BigBlueBox/src/usersession.cpp...
Preprocessing /home/travis/build/rbaker26/BigBlueBox/src/usersession.h...
Parsing file /home/travis/build/rbaker26/BigBlueBox/src/usersession.h...
Building group list...
Building directory list...
Building namespace list...
Building file list...
Building class list...
Associating documentation with classes...
Computing nesting relations for classes...
Building example list...
Searching for enumerations...
Searching for documented typedefs...
Searching for members imported via using declarations...
Searching for included using directives...
Searching for documented variables...
Building interface member list...
Building member list...
Searching for friends...
Searching for documented defines...
Computing class inheritance relations...
Computing class usage relations...
Flushing cached template relations that have become invalid...
Creating members for template instances...
Computing class relations...
Add enum values to enums...
Searching for member function documentation...
Building page list...
Search for main page...
Computing page relations...
Determining the scope of groups..error: Project logo '../rec/nyltIcon.png' specified by PROJECT_LOGO does not exist!
/home/travis/build/rbaker26/BigBlueBox/src/item.h:38: warning: Found unknown command `\obsolete'
.
Sorting lists...
Freeing entry tree
Determining which enums are documented
Computing member relations...
Building full member lists recursively...
Adding members to member groups.
Computing member references...
Inheriting documentation...
Generating disk names...
Adding source references...
Adding xrefitems...
Sorting member lists...
Computing dependencies between directories...
Generating citations page...
Counting data structures...
Resolving user defined references...
Finding anchors and sections in the documentation...
Transferring function references...
Combining using relations...
Adding members to index pages...
Generating style sheet...
Generating search indices...
Generating example documentation...
Generating file sources...
Parsing code for file /home/travis/build/rbaker26/BigBlueBox/src/_filereader.cpp...
Generating code for file /home/travis/build/rbaker26/BigBlueBox/src/_filereader.h...
Parsing code for file /home/travis/build/rbaker26/BigBlueBox/src/_filewriter.cpp...
Generating code for file /home/travis/build/rbaker26/BigBlueBox/src/_filewriter.h...
Parsing code for file /home/travis/build/rbaker26/BigBlueBox/src/_regex.cpp...
Generating code for file /home/travis/build/rbaker26/BigBlueBox/src/_regex.h...
Parsing code for file /home/travis/build/rbaker26/BigBlueBox/src/_settings.cpp...
Generating code for file /home/travis/build/rbaker26/BigBlueBox/src/_settings.h...
Generating code for file /home/travis/build/rbaker26/BigBlueBox/src/bbb.h...
Parsing code for file /home/travis/build/rbaker26/BigBlueBox/src/category.cpp...
Generating code for file /home/travis/build/rbaker26/BigBlueBox/src/category.h...
Parsing code for file /home/travis/build/rbaker26/BigBlueBox/src/DarkStyle.cpp...
Generating code for file /home/travis/build/rbaker26/BigBlueBox/src/DarkStyle.h...
Parsing code for file /home/travis/build/rbaker26/BigBlueBox/src/dbconnect.cpp...
Generating code for file /home/travis/build/rbaker26/BigBlueBox/src/dbconnect.h...
Parsing code for file /home/travis/build/rbaker26/BigBlueBox/src/directoryhandler.cpp...
Generating code for file /home/travis/build/rbaker26/BigBlueBox/src/directoryhandler.h...
Parsing code for file /home/travis/build/rbaker26/BigBlueBox/src/framelesswindow/framelesswindow.cpp...
Generating code for file /home/travis/build/rbaker26/BigBlueBox/src/framelesswindow/framelesswindow.h...
Parsing code for file /home/travis/build/rbaker26/BigBlueBox/src/framelesswindow/windowdragger.cpp...
Generating code for file /home/travis/build/rbaker26/BigBlueBox/src/framelesswindow/windowdragger.h...
Parsing code for file /home/travis/build/rbaker26/BigBlueBox/src/gear.cpp...
Generating code for file /home/travis/build/rbaker26/BigBlueBox/src/gear.h...
Parsing code for file /home/travis/build/rbaker26/BigBlueBox/src/item.cpp...
Generating code for file /home/travis/build/rbaker26/BigBlueBox/src/item.h...
Parsing code for file /home/travis/build/rbaker26/BigBlueBox/src/jsonReader.cpp...
Generating code for file /home/travis/build/rbaker26/BigBlueBox/src/jsonReader.h...
Parsing code for file /home/travis/build/rbaker26/BigBlueBox/src/main.cpp...
Parsing code for file /home/travis/build/rbaker26/BigBlueBox/src/test/main.cpp...
Parsing code for file /home/travis/build/rbaker26/BigBlueBox/src/mainmenu.cpp...
Generating code for file /home/travis/build/rbaker26/BigBlueBox/src/mainmenu.h...
Parsing code for file /home/travis/build/rbaker26/BigBlueBox/src/mainwindow.cpp...
Generating code for file /home/travis/build/rbaker26/BigBlueBox/src/mainwindow.h...
Parsing code for file /home/travis/build/rbaker26/BigBlueBox/src/pages/gearCenter.cpp...
Generating code for file /home/travis/build/rbaker26/BigBlueBox/src/pages/gearCenter.h...
Parsing code for file /home/travis/build/rbaker26/BigBlueBox/src/pages/gearManager.cpp...
Generating code for file /home/travis/build/rbaker26/BigBlueBox/src/pages/gearManager.h...
Parsing code for file /home/travis/build/rbaker26/BigBlueBox/src/pages/settingspage.cpp...
Generating code for file /home/travis/build/rbaker26/BigBlueBox/src/pages/settingspage.h...
Parsing code for file /home/travis/build/rbaker26/BigBlueBox/src/qr/BitBuffer.cpp...
Generating code for file /home/travis/build/rbaker26/BigBlueBox/src/qr/BitBuffer.h...
Parsing code for file /home/travis/build/rbaker26/BigBlueBox/src/qr/QrCode.cpp...
Generating code for file /home/travis/build/rbaker26/BigBlueBox/src/qr/QrCode.h...
Parsing code for file /home/travis/build/rbaker26/BigBlueBox/src/qr/QrCodeGeneratorDemo.cpp...
Parsing code for file /home/travis/build/rbaker26/BigBlueBox/src/qr/QrCodeGeneratorWorker.cpp...
Parsing code for file /home/travis/build/rbaker26/BigBlueBox/src/qr/QrInterface.cpp...
Generating code for file /home/travis/build/rbaker26/BigBlueBox/src/qr/QrInterface.h...
Parsing code for file /home/travis/build/rbaker26/BigBlueBox/src/qr/QrSegment.cpp...
Generating code for file /home/travis/build/rbaker26/BigBlueBox/src/qr/QrSegment.h...
Parsing code for file /home/travis/build/rbaker26/BigBlueBox/src/reportsView.cpp...
Generating code for file /home/travis/build/rbaker26/BigBlueBox/src/reportsView.h...
Parsing code for file /home/travis/build/rbaker26/BigBlueBox/src/test/_filewriterbench.cpp...
Generating code for file /home/travis/build/rbaker26/BigBlueBox/src/test/_filewriterbench.h...
Parsing code for file /home/travis/build/rbaker26/BigBlueBox/src/test/_regextest.cpp...
Generating code for file /home/travis/build/rbaker26/BigBlueBox/src/test/_regextest.h...
Parsing code for file /home/travis/build/rbaker26/BigBlueBox/src/test/categorytest.cpp...
Generating code for file /home/travis/build/rbaker26/BigBlueBox/src/test/categorytest.h...
Parsing code for file /home/travis/build/rbaker26/BigBlueBox/src/test/itemtest.cpp...
Generating code for file /home/travis/build/rbaker26/BigBlueBox/src/test/itemtest.h...
Parsing code for file /home/travis/build/rbaker26/BigBlueBox/src/test/qrtest.cpp...
Generating code for file /home/travis/build/rbaker26/BigBlueBox/src/test/qrtest.h...
Parsing code for file /home/travis/build/rbaker26/BigBlueBox/src/test/unittest.cpp...
Generating code for file /home/travis/build/rbaker26/BigBlueBox/src/test/unittest.h...
Parsing code for file /home/travis/build/rbaker26/BigBlueBox/src/usersession.cpp...
Generating code for file /home/travis/build/rbaker26/BigBlueBox/src/usersession.h...
Generating file documentation...
Generating docs for file /home/travis/build/rbaker26/BigBlueBox/src/_filereader.cpp...
Generating docs for file /home/travis/build/rbaker26/BigBlueBox/src/_filereader.h...
Generating docs for file /home/travis/build/rbaker26/BigBlueBox/src/_filewriter.cpp...
Generating docs for file /home/travis/build/rbaker26/BigBlueBox/src/_filewriter.h...
Generating docs for file /home/travis/build/rbaker26/BigBlueBox/src/_regex.cpp...
Generating docs for file /home/travis/build/rbaker26/BigBlueBox/src/_regex.h...
Generating docs for file /home/travis/build/rbaker26/BigBlueBox/src/_settings.cpp...
Generating docs for file /home/travis/build/rbaker26/BigBlueBox/src/_settings.h...
Generating docs for file /home/travis/build/rbaker26/BigBlueBox/src/bbb.h...
Generating docs for file /home/travis/build/rbaker26/BigBlueBox/src/category.cpp...
Generating docs for file /home/travis/build/rbaker26/BigBlueBox/src/category.h...
Generating docs for file /home/travis/build/rbaker26/BigBlueBox/src/DarkStyle.cpp...
Generating docs for file /home/travis/build/rbaker26/BigBlueBox/src/DarkStyle.h...
Generating docs for file /home/travis/build/rbaker26/BigBlueBox/src/dbconnect.cpp...
Generating docs for file /home/travis/build/rbaker26/BigBlueBox/src/dbconnect.h...
Generating docs for file /home/travis/build/rbaker26/BigBlueBox/src/directoryhandler.cpp...
Generating docs for file /home/travis/build/rbaker26/BigBlueBox/src/directoryhandler.h...
Generating docs for file /home/travis/build/rbaker26/BigBlueBox/src/framelesswindow/framelesswindow.cpp...
Generating docs for file /home/travis/build/rbaker26/BigBlueBox/src/framelesswindow/framelesswindow.h...
Generating docs for file /home/travis/build/rbaker26/BigBlueBox/src/framelesswindow/windowdragger.cpp...
Generating docs for file /home/travis/build/rbaker26/BigBlueBox/src/framelesswindow/windowdragger.h...
Generating docs for file /home/travis/build/rbaker26/BigBlueBox/src/gear.cpp...
Generating docs for file /home/travis/build/rbaker26/BigBlueBox/src/gear.h...
Generating docs for file /home/travis/build/rbaker26/BigBlueBox/src/item.cpp...
Generating docs for file /home/travis/build/rbaker26/BigBlueBox/src/item.h...
Generating docs for file /home/travis/build/rbaker26/BigBlueBox/src/jsonReader.cpp...
Generating docs for file /home/travis/build/rbaker26/BigBlueBox/src/jsonReader.h...
Generating docs for file /home/travis/build/rbaker26/BigBlueBox/src/main.cpp...
Generating call graph for function main
Generating docs for file /home/travis/build/rbaker26/BigBlueBox/src/test/main.cpp...
Generating call graph for function main
Generating docs for file /home/travis/build/rbaker26/BigBlueBox/src/mainmenu.cpp...
Generating docs for file /home/travis/build/rbaker26/BigBlueBox/src/mainmenu.h...
Generating docs for file /home/travis/build/rbaker26/BigBlueBox/src/mainwindow.cpp...
Generating docs for file /home/travis/build/rbaker26/BigBlueBox/src/mainwindow.h...
Generating docs for file /home/travis/build/rbaker26/BigBlueBox/src/pages/gearCenter.cpp...
Generating docs for file /home/travis/build/rbaker26/BigBlueBox/src/pages/gearCenter.h...
Generating docs for file /home/travis/build/rbaker26/BigBlueBox/src/pages/gearManager.cpp...
Generating docs for file /home/travis/build/rbaker26/BigBlueBox/src/pages/gearManager.h...
Generating docs for file /home/travis/build/rbaker26/BigBlueBox/src/pages/settingspage.cpp...
Generating docs for file /home/travis/build/rbaker26/BigBlueBox/src/pages/settingspage.h...
Generating docs for file /home/travis/build/rbaker26/BigBlueBox/src/qr/BitBuffer.cpp...
Generating docs for file /home/travis/build/rbaker26/BigBlueBox/src/qr/BitBuffer.h...
Generating docs for file /home/travis/build/rbaker26/BigBlueBox/src/qr/QrCode.cpp...
Generating docs for file /home/travis/build/rbaker26/BigBlueBox/src/qr/QrCode.h...
Generating docs for file /home/travis/build/rbaker26/BigBlueBox/src/qr/QrCodeGeneratorDemo.cpp...
Generating call graph for function doBasicDemo
Generating caller graph for function doBasicDemo
Generating call graph for function doMaskDemo
Generating caller graph for function doMaskDemo
Generating call graph for function doSegmentDemo
Generating caller graph for function doSegmentDemo
Generating call graph for function doVarietyDemo
Generating caller graph for function doVarietyDemo
Generating call graph for function main
Generating call graph for function printQr
Generating caller graph for function printQr
Generating docs for file /home/travis/build/rbaker26/BigBlueBox/src/qr/QrCodeGeneratorWorker.cpp...
Generating call graph for function main
Generating docs for file /home/travis/build/rbaker26/BigBlueBox/src/qr/QrInterface.cpp...
Generating docs for file /home/travis/build/rbaker26/BigBlueBox/src/qr/QrInterface.h...
Generating docs for file /home/travis/build/rbaker26/BigBlueBox/src/qr/QrSegment.cpp...
Generating docs for file /home/travis/build/rbaker26/BigBlueBox/src/qr/QrSegment.h...
Generating docs for file /home/travis/build/rbaker26/BigBlueBox/src/reportsView.cpp...
Generating docs for file /home/travis/build/rbaker26/BigBlueBox/src/reportsView.h...
Generating docs for file /home/travis/build/rbaker26/BigBlueBox/src/test/_filewriterbench.cpp...
Generating docs for file /home/travis/build/rbaker26/BigBlueBox/src/test/_filewriterbench.h...
Generating docs for file /home/travis/build/rbaker26/BigBlueBox/src/test/_regextest.cpp...
Generating docs for file /home/travis/build/rbaker26/BigBlueBox/src/test/_regextest.h...
Generating docs for file /home/travis/build/rbaker26/BigBlueBox/src/test/categorytest.cpp...
Generating docs for file /home/travis/build/rbaker26/BigBlueBox/src/test/categorytest.h...
Generating docs for file /home/travis/build/rbaker26/BigBlueBox/src/test/itemtest.cpp...
Generating docs for file /home/travis/build/rbaker26/BigBlueBox/src/test/itemtest.h...
Generating docs for file /home/travis/build/rbaker26/BigBlueBox/src/test/qrtest.cpp...
Generating docs for file /home/travis/build/rbaker26/BigBlueBox/src/test/qrtest.h...
Generating docs for file /home/travis/build/rbaker26/BigBlueBox/src/test/unittest.cpp...
Generating docs for file /home/travis/build/rbaker26/BigBlueBox/src/test/unittest.h...
Generating docs for file /home/travis/build/rbaker26/BigBlueBox/src/usersession.cpp...
Generating docs for file /home/travis/build/rbaker26/BigBlueBox/src/usersession.h...
Generating page documentation...
Generating docs for page test...
Generating group documentation...
Generating class documentation...
Generating docs for compound DarkStyle...
Generating call graph for function DarkStyle::baseStyle
Generating caller graph for function DarkStyle::styleBase
Generating docs for compound FramelessWindow...
Generating call graph for function FramelessWindow::FramelessWindow
Generating call graph for function FramelessWindow::changeEvent
Generating call graph for function FramelessWindow::on_applicationStateChanged
Generating caller graph for function FramelessWindow::on_applicationStateChanged
Generating call graph for function FramelessWindow::on_maximizeButton_clicked
Generating caller graph for function FramelessWindow::on_maximizeButton_clicked
Generating call graph for function FramelessWindow::on_restoreButton_clicked
Generating caller graph for function FramelessWindow::on_restoreButton_clicked
Generating call graph for function FramelessWindow::on_windowTitlebar_doubleClicked
Generating caller graph for function FramelessWindow::setContent
Generating caller graph for function FramelessWindow::setWindowTitle
Generating caller graph for function FramelessWindow::styleWindow
Generating docs for compound Gear...
Generating docs for compound GearCenter...
Generating call graph for function GearCenter::GearCenter
Generating caller graph for function GearCenter::clearGearInfo
Generating caller graph for function GearCenter::clearTable
Generating call graph for function GearCenter::fillNotesTables
Generating caller graph for function GearCenter::fillNotesTables
Generating call graph for function GearCenter::initTable
Generating caller graph for function GearCenter::initTable
Generating call graph for function GearCenter::on_comboBox_itemHealth_currentIndexChanged
Generating call graph for function GearCenter::on_comboBox_troopNames_currentIndexChanged
Generating call graph for function GearCenter::on_pushButton_addNote_clicked
Generating call graph for function GearCenter::on_pushButton_enterCode_clicked
Generating call graph for function GearCenter::on_toolButton_defaultNoteList_clicked
Generating docs for compound GearManager...
Generating docs for compound JSONReader...
Generating docs for compound MainMenu...
Generating docs for compound MainWindow...
Generating call graph for function MainWindow::MainWindow
Generating call graph for function MainWindow::~MainWindow
Generating docs for compound QrInterface...
Generating call graph for function QrInterface::strToSvg
Generating caller graph for function QrInterface::strToSvg
Generating docs for compound ReportsView...
Generating call graph for function ReportsView::ReportsView
Generating call graph for function ReportsView::addItem
Generating caller graph for function ReportsView::addItem
Generating caller graph for function ReportsView::clearTable
Generating call graph for function ReportsView::deleteItem
Generating caller graph for function ReportsView::deleteItem
Generating call graph for function ReportsView::fillTableInv
Generating caller graph for function ReportsView::fillTableInv
Generating caller graph for function ReportsView::getOrgItemNameFromToolBox
Generating caller graph for function ReportsView::initTableInv
Generating call graph for function ReportsView::on_pushButton_addDelete_clicked
Generating call graph for function ReportsView::on_pushButton_edit_clicked
Generating call graph for function ReportsView::on_pushButton_makeReport_clicked
Generating call graph for function ReportsView::on_tableWidget_inv_cellDoubleClicked
Generating call graph for function ReportsView::sendRowToToolBo/home/travis/build/rbaker26/BigBlueBox/src/_regex.h:39: warning: argument 'QString' of command @param is not found in the argument list of bbb::_Regex::isBoxName(QString boxName)
/home/travis/build/rbaker26/BigBlueBox/src/_regex.h:39: warning: The following parameters of bbb::_Regex::isBoxName(QString boxName) are not documented:
  parameter 'boxName'
/home/travis/build/rbaker26/BigBlueBox/src/_regex.h:30: warning: argument 'QString' of command @param is not found in the argument list of bbb::_Regex::isItemName(QString itemName)
/home/travis/build/rbaker26/BigBlueBox/src/_regex.h:30: warning: The following parameters of bbb::_Regex::isItemName(QString itemName) are not documented:
  parameter 'itemName'
/home/travis/build/rbaker26/BigBlueBox/src/category.h:43: warning: argument 'Category' of command @param is not found in the argument list of bbb::Category::categoryToQString(Category::categoryType cat)
/home/travis/build/rbaker26/BigBlueBox/src/category.h:43: warning: argument 'categoryType' of command @param is not found in the argument list of bbb::Category::categoryToQString(Category::categoryType cat)
/home/travis/build/rbaker26/BigBlueBox/src/category.h:43: warning: The following parameters of bbb::Category::categoryToQString(Category::categoryType cat) are not documented:
  parameter 'cat'
/home/travis/build/rbaker26/BigBlueBox/src/category.h:51: warning: argument 'int' of command @param is not found in the argument list of bbb::Category::categoryToQString(int cat)
/home/travis/build/rbaker26/BigBlueBox/src/category.h:51: warning: The following parameters of bbb::Category::categoryToQString(int cat) are not documented:
  parameter 'cat'
/home/travis/build/rbaker26/BigBlueBox/src/category.h:58: warning: argument 'QString' of command @param is not found in the argument list of bbb::Category::intFromString(QString catStr)
/home/travis/build/rbaker26/BigBlueBox/src/category.h:58: warning: The following parameters of bbb::Category::intFromString(QString catStr) are not documented:
  parameter 'catStr'
/home/travis/build/rbaker26/BigBlueBox/src/dbconnect.h:100: warning: argument 'Item' of command @param is not found in the argument list of bbb::DbConnect::addNewItem(Item newItem)
/home/travis/build/rbaker26/BigBlueBox/src/dbconnect.h:100: warning: The following parameters of bbb::DbConnect::addNewItem(Item newItem) are not documented:
  parameter 'newItem'
/home/travis/build/rbaker26/BigBlueBox/src/dbconnect.h:108: warning: argument 'QString' of command @param is not found in the argument list of bbb::DbConnect::deleteItem(QString name)
/home/travis/build/rbaker26/BigBlueBox/src/dbconnect.h:108: warning: The following parameters of bbb::DbConnect::deleteItem(QString name) are not documented:
  parameter 'name'
/home/travis/build/rbaker26/BigBlueBox/src/dbconnect.h:90: warning: argument 'QString' of command @param is not found in the argument list of bbb::DbConnect::updateItem(QString orgName, Row newRowInfo)
/home/travis/build/rbaker26/BigBlueBox/src/dbconnect.h:90: warning: The following parameters of bbb::DbConnect::updateItem(QString orgName, Row newRowInfo) are not documented:
  parameter 'orgName'
  parameter 'newRowInfo'
/home/travis/build/rbaker26/BigBlueBox/src/item.h:38: warning: Found unknown command `\obsolete'
/home/travis/build/rbaker26/BigBlueBox/src/item.h:58: warning: argument 'Category' of command @param is not found in the argument list of bbb::Item::categoryIntToQString(int cat)
/home/travis/build/rbaker26/BigBlueBox/src/item.h:58: warning: argument 'categoryType' of command @param is not found in the argument list of bbb::Item::categoryIntToQString(int cat)
/home/travis/build/rbaker26/BigBlueBox/src/item.h:58: warning: The following parameters of bbb::Item::categoryIntToQString(int cat) are not documented:
  parameter 'cat'
/home/travis/build/rbaker26/BigBlueBox/src/item.h:38: warning: Found unknown command `\obsolete'
/home/travis/build/rbaker26/BigBlueBox/src/item.h:38: warning: Found unknown command `\obsolete'
/home/travis/build/rbaker26/BigBlueBox/src/item.h:76: warning: Found unknown command `\inherits'
x
Generating caller graph for function ReportsView::sendRowToToolBox
Generating docs for compound SettingsPage...
Generating call graph for function SettingsPage::SettingsPage
Generating call graph for function SettingsPage::initPaths
Generating caller graph for function SettingsPage::initPaths
Generating call graph for function SettingsPage::on_pushButton_saveDbDir_clicked
Generating call graph for function SettingsPage::on_pushButton_saveReportDir_clicked
Generating docs for compound WindowDragger...
Generating caller graph for function WindowDragger::doubleClicked
Generating namespace index...
Generating docs for namespace bbb
Generating docs for compound bbb::_FileReader...
Generating call graph for function bbb::_FileReader::readDbFileLoc
Generating caller graph for function bbb::_FileReader::readDbFileLoc
Generating call graph for function bbb::_FileReader::readReportsDir
Generating caller graph for function bbb::_FileReader::readReportsDir
Generating docs for compound bbb::_FileWriter...
Generating caller graph for function bbb::_FileWriter::_FileWriter
Generating call graph for function bbb::_FileWriter::getInstance
Generating call graph for function bbb::_FileWriter::getReportsPath
Generating caller graph for function bbb::_FileWriter::getReportsPath
Generating call graph for function bbb::_FileWriter::makeTxtInvReport
Generating caller graph for function bbb::_FileWriter::makeTxtInvReport
Generating call graph for function bbb::_FileWriter::makeXmlInvReport
Generating call graph for function bbb::_FileWriter::writeDbFileLoc
Generating caller graph for function bbb::_FileWriter::writeDbFileLoc
Generating call graph for function bbb::_FileWriter::writeReportsDir
Generating caller graph for function bbb::_FileWriter::writeReportsDir
Generating docs for compound bbb::_Regex...
Generating docs for compound bbb::_Settings...
Generating call graph for function bbb::_Settings::_Settings
Generating call graph for function bbb::_Settings::getAppColorTheme
Generating caller graph for function bbb::_Settings::getAppColorTheme
Generating caller graph for function bbb::_Settings::readFile
Generating docs for compound bbb::Category...
Generating caller graph for function bbb::Category::categoryToQString
Generating caller graph for function bbb::Category::intFromString
Generating docs for compound bbb::DbConnect...
Generating call graph for function bbb::DbConnect::DbConnect
Generating caller graph for function bbb::DbConnect::DbConnect
Generating caller graph for function bbb::DbConnect::addNewItem
Generating caller graph for function bbb::DbConnect::addNote
Generating caller graph for function bbb::DbConnect::checkInGear
Generating caller graph for function bbb::DbConnect::checkOutGear
Generating caller graph for function bbb::DbConnect::deleteItem
Generating caller graph for function bbb::DbConnect::gearItemExists
Generating caller graph for function bbb::DbConnect::getDefaultNotes
Generating caller graph for function bbb::DbConnect::getFullInvAsVector
Generating caller graph for function bbb::DbConnect::getGearInfo
Generating caller graph for function bbb::DbConnect::getGearNotes
Generating call graph for function bbb::DbConnect::getInstance
Generating caller graph for function bbb::DbConnect::getInstance
Generating caller graph for function bbb::DbConnect::isCheckedOut
Generating caller graph for function bbb::DbConnect::isCheckedOutBy
Generating caller graph for function bbb::DbConnect::itemAlreadyExists
Generating caller graph for function bbb::DbConnect::sysLog
Generating caller graph for function bbb::DbConnect::updateGearItemHealth
Generating caller graph for function bbb::DbConnect::updateItem
Generating docs for compound bbb::DirectoryHandler...
Generating caller graph for function bbb::DirectoryHandler::getAndCheckRoamingPath
Generating docs for compound bbb::GearNote...
Generating docs for compound bbb::Item...
Generating call graph for function bbb::Item::categoryIntToQString
Generating caller graph for function bbb::Item::categoryIntToQString
Generating docs for compound bbb::Row...
Generating docs for compound bbb::UserSession...
Generating caller graph for function bbb::UserSession::UserSession
Generating call graph for function bbb::UserSession::~UserSession
Generating call graph for function bbb::UserSession::getInstance
Generating caller graph for function bbb::UserSession::logout
Generating docs for namespace bbbTest
Generating docs for compound bbbTest::_FileWriterBench...
Generating call graph for function bbbTest::_FileWriterBench::_FileWriterBench
Generating caller graph for function bbbTest::_FileWriterBench::itemMaker
Generating docs for compound bbbTest::_RegexTest...
Generating docs for compound bbbTest::CategoryTest...
Generating call graph for function bbbTest::CategoryTest::testIntToString
Generating call graph for function bbbTest::CategoryTest::testStringToInt
Generating docs for compound bbbTest::ItemTest...
Generating call graph for function bbbTest::ItemTest::categoryToQStringTest
Generating docs for compound bbbTest::QrTest...
Generating call graph for function bbbTest::QrTest::svgRenderTest
Generating docs for compound bbbTest::UnitTest...
Generating caller graph for function bbbTest::UnitTest::run
Generating docs for namespace qrcodegen
Generating docs for compound qrcodegen::BitBuffer...
Generating caller graph for function qrcodegen::BitBuffer::appendBits
Generating caller graph for function qrcodegen::BitBuffer::getBytes
Generating docs for compound qrcodegen::QrCode...
Generating call graph for function qrcodegen::QrCode::QrCode
Generating caller graph for function qrcodegen::QrCode::QrCode
Generating call graph for function qrcodegen::QrCode::appendErrorCorrection
Generating caller graph for function qrcodegen::QrCode::appendErrorCorrection
Generating caller graph for function qrcodegen::QrCode::applyMask
Generating call graph for function qrcodegen::QrCode::drawAlignmentPattern
Generating caller graph for function qrcodegen::QrCode::drawAlignmentPattern
Generating call graph for function qrcodegen::QrCode::drawCodewords
Generating caller graph for function qrcodegen::QrCode::drawCodewords
Generating call graph for function qrcodegen::QrCode::drawFinderPattern
Generating caller graph for function qrcodegen::QrCode::drawFinderPattern
Generating call graph for function qrcodegen::QrCode::drawFormatBits
Generating caller graph for function qrcodegen::QrCode::drawFormatBits
Generating call graph for function qrcodegen::QrCode::drawFunctionPatterns
Generating caller graph for function qrcodegen::QrCode::drawFunctionPatterns
Generating call graph for function qrcodegen::QrCode::drawVersion
Generating caller graph for function qrcodegen::QrCode::drawVersion
Generating call graph for function qrcodegen::QrCode::encodeBinary
Generating call graph for function qrcodegen::QrCode::encodeSegments
Generating caller graph for function qrcodegen::QrCode::encodeSegments
Generating call graph for function qrcodegen::QrCode::encodeText
Generating caller graph for function qrcodegen::QrCode::getAlignmentPatternPositions
Generating call graph for function qrcodegen::QrCode::getModule
Generating caller graph for function qrcodegen::QrCode::getModule
Generating call graph for function qrcodegen::QrCode::getNumDataCodewords
Generating caller graph for function qrcodegen::QrCode::getNumDataCodewords
Generating caller graph for function qrcodegen::QrCode::getNumRawDataModules
Generating call graph for function qrcodegen::QrCode::getPenaltyScore
Generating caller graph for function qrcodegen::QrCode::getPenaltyScore
Generating caller graph for function qrcodegen::QrCode::getSize
Generating caller graph for function qrcodegen::QrCode::getVersion
Generating call graph for function qrcodegen::QrCode::handleConstructorMasking
Generating caller graph for function qrcodegen::QrCode::handleConstructorMasking
Generating caller graph for function qrcodegen::QrCode::module
Generating caller graph for function qrcodegen::QrCode::setFunctionModule
Generating call graph for function qrcodegen::QrCode::toSvgString
Generating caller graph for function qrcodegen::QrCode::toSvgString
Generating docs for nested compound qrcodegen::QrCode::Ecc...
Generating caller graph for function qrcodegen::QrCode::Ecc::getFormatBits
Generating caller graph for function qrcodegen::QrCode::Ecc::getOrdinal
Generating docs for nested compound qrcodegen::QrCode::ReedSolomonGenerator...
Generating call graph for function qrcodegen::QrCode::ReedSolomonGenerator::ReedSolomonGenerator
Generating caller graph for function qrcodegen::QrCode::ReedSolomonGenerator::getRemainder
Generating caller graph for function qrcodegen::QrCode::ReedSolomonGenerator::multiply
Generating docs for compound qrcodegen::QrSegment...
Generating caller graph for function qrcodegen::QrSegment::QrSegment
Generating caller graph for function qrcodegen::QrSegment::getTotalBits
Generating caller graph for function qrcodegen::QrSegment::isAlphanumeric
Generating caller graph for function qrcodegen::QrSegment::isNumeric
Generating call graph for function qrcodegen::QrSegment::makeAlphanumeric
Generating caller graph for function qrcodegen::QrSegment::makeAlphanumeric
Generating call graph for function qrcodegen::QrSegment::makeBytes
Generating caller graph for function qrcodegen::QrSegment::makeBytes
Generating call graph for function qrcodegen::QrSegment::makeEci
Generating call graph for function qrcodegen::QrSegment::makeNumeric
Generating caller graph for function qrcodegen::QrSegment::makeNumeric
Generating call graph for function qrcodegen::QrSegment::makeSegments
Generating caller graph for function qrcodegen::QrSegment::makeSegments
Generating docs for nested compound qrcodegen::QrSegment::Mode...
Generating docs for namespace Ui
Generating graph info page...
Generating directory documentation...
Generating dependency graph for directory /home/travis/build/rbaker26/BigBlueBox/src/framelesswindow
Generating dependency graph for directory /home/travis/build/rbaker26/BigBlueBox/src/pages
Generating dependency graph for directory /home/travis/build/rbaker26/BigBlueBox/src/qr
Generating dependency graph for directory /home/travis/build/rbaker26/BigBlueBox/src
Generating dependency graph for directory /home/travis/build/rbaker26/BigBlueBox/src/test
Generating index page...
Generating page index...
Generating module index...
Generating namespace index...
Generating namespace member index...
Generating annotated compound index...
Generating alphabetical compound index...
Generating hierarchical class index...
Generating graphical class hierarchy...
Generating member index...
Generating file index...
Generating file member index...
Generating example index...
finalizing index lists...
Running dot...
Generating dot graphs using 3 parallel threads...
Running dot for graph 1/341
Running dot for graph 2/341
Running dot for graph 3/341
Running dot for graph 4/341
Running dot for graph 5/341
Running dot for graph 6/341
Running dot for graph 7/341
Running dot for graph 8/341
Running dot for graph 9/341
Running dot for graph 10/341
Running dot for graph 11/341
Running dot for graph 12/341
Running dot for graph 13/341
Running dot for graph 14/341
Running dot for graph 15/341
Running dot for graph 16/341
Running dot for graph 17/341
Running dot for graph 18/341
Running dot for graph 19/341
Running dot for graph 20/341
Running dot for graph 21/341
Running dot for graph 22/341
Running dot for graph 23/341
Running dot for graph 24/341
Running dot for graph 25/341
Running dot for graph 26/341
Running dot for graph 27/341
Running dot for graph 28/341
Running dot for graph 29/341
Running dot for graph 30/341
Running dot for graph 31/341
Running dot for graph 32/341
Running dot for graph 33/341
Running dot for graph 34/341
Running dot for graph 35/341
Running dot for graph 36/341
Running dot for graph 37/341
Running dot for graph 38/341
Running dot for graph 39/341
Running dot for graph 40/341
Running dot for graph 41/341
Running dot for graph 42/341
Running dot for graph 43/341
Running dot for graph 44/341
Running dot for graph 45/341
Running dot for graph 46/341
Running dot for graph 47/341
Running dot for graph 48/341
Running dot for graph 49/341
Running dot for graph 50/341
Running dot for graph 51/341
Running dot for graph 52/341
Running dot for graph 53/341
Running dot for graph 54/341
Running dot for graph 55/341
Running dot for graph 56/341
Running dot for graph 57/341
Running dot for graph 58/341
Running dot for graph 59/341
Running dot for graph 60/341
Running dot for graph 61/341
Running dot for graph 62/341
Running dot for graph 63/341
Running dot for graph 64/341
Running dot for graph 65/341
Running dot for graph 66/341
Running dot for graph 67/341
Running dot for graph 68/341
Running dot for graph 69/341
Running dot for graph 70/341
Running dot for graph 71/341
Running dot for graph 72/341
Running dot for graph 73/341
Running dot for graph 74/341
Running dot for graph 75/341
Running dot for graph 76/341
Running dot for graph 77/341
Running dot for graph 78/341
Running dot for graph 79/341
Running dot for graph 80/341
Running dot for graph 81/341
Running dot for graph 82/341
Running dot for graph 83/341
Running dot for graph 84/341
Running dot for graph 85/341
Running dot for graph 86/341
Running dot for graph 87/341
Running dot for graph 88/341
Running dot for graph 89/341
Running dot for graph 90/341
Running dot for graph 91/341
Running dot for graph 92/341
Running dot for graph 93/341
Running dot for graph 94/341
Running dot for graph 95/341
Running dot for graph 96/341
Running dot for graph 97/341
Running dot for graph 98/341
Running dot for graph 99/341
Running dot for graph 100/341
Running dot for graph 101/341
Running dot for graph 102/341
Running dot for graph 103/341
Running dot for graph 104/341
Running dot for graph 105/341
Running dot for graph 106/341
Running dot for graph 107/341
Running dot for graph 108/341
Running dot for graph 109/341
Running dot for graph 110/341
Running dot for graph 111/341
Running dot for graph 112/341
Running dot for graph 113/341
Running dot for graph 114/341
Running dot for graph 115/341
Running dot for graph 116/341
Running dot for graph 117/341
Running dot for graph 118/341
Running dot for graph 119/341
Running dot for graph 120/341
Running dot for graph 121/341
Running dot for graph 122/341
Running dot for graph 123/341
Running dot for graph 124/341
Running dot for graph 125/341
Running dot for graph 126/341
Running dot for graph 127/341
Running dot for graph 128/341
Running dot for graph 129/341
Running dot for graph 130/341
Running dot for graph 131/341
Running dot for graph 132/341
Running dot for graph 133/341
Running dot for graph 134/341
Running dot for graph 135/341
Running dot for graph 136/341
Running dot for graph 137/341
Running dot for graph 138/341
Running dot for graph 139/341
Running dot for graph 140/341
Running dot for graph 141/341
Running dot for graph 142/341
Running dot for graph 143/341
Running dot for graph 144/341
Running dot for graph 145/341
Running dot for graph 146/341
Running dot for graph 147/341
Running dot for graph 148/341
Running dot for graph 149/341
Running dot for graph 150/341
Running dot for graph 151/341
Running dot for graph 152/341
Running dot for graph 153/341
Running dot for graph 154/341
Running dot for graph 155/341
Running dot for graph 156/341
Running dot for graph 157/341
Running dot for graph 158/341
Running dot for graph 159/341
Running dot for graph 160/341
Running dot for graph 161/341
Running dot for graph 162/341
Running dot for graph 163/341
Running dot for graph 164/341
Running dot for graph 165/341
Running dot for graph 166/341
Running dot for graph 167/341
Running dot for graph 168/341
Running dot for graph 169/341
Running dot for graph 170/341
Running dot for graph 171/341
Running dot for graph 172/341
Running dot for graph 173/341
Running dot for graph 174/341
Running dot for graph 175/341
Running dot for graph 176/341
Running dot for graph 177/341
Running dot for graph 178/341
Running dot for graph 179/341
Running dot for graph 180/341
Running dot for graph 181/341
Running dot for graph 182/341
Running dot for graph 183/341
Running dot for graph 184/341
Running dot for graph 185/341
Running dot for graph 186/341
Running dot for graph 187/341
Running dot for graph 188/341
Running dot for graph 189/341
Running dot for graph 190/341
Running dot for graph 191/341
Running dot for graph 192/341
Running dot for graph 193/341
Running dot for graph 194/341
Running dot for graph 195/341
Running dot for graph 196/341
Running dot for graph 197/341
Running dot for graph 198/341
Running dot for graph 199/341
Running dot for graph 200/341
Running dot for graph 201/341
Running dot for graph 202/341
Running dot for graph 203/341
Running dot for graph 204/341
Running dot for graph 205/341
Running dot for graph 206/341
Running dot for graph 207/341
Running dot for graph 208/341
Running dot for graph 209/341
Running dot for graph 210/341
Running dot for graph 211/341
Running dot for graph 212/341
Running dot for graph 213/341
Running dot for graph 214/341
Running dot for graph 215/341
Running dot for graph 216/341
Running dot for graph 217/341
Running dot for graph 218/341
Running dot for graph 219/341
Running dot for graph 220/341
Running dot for graph 221/341
Running dot for graph 222/341
Running dot for graph 223/341
Running dot for graph 224/341
Running dot for graph 225/341
Running dot for graph 226/341
Running dot for graph 227/341
Running dot for graph 228/341
Running dot for graph 229/341
Running dot for graph 230/341
Running dot for graph 231/341
Running dot for graph 232/341
Running dot for graph 233/341
Running dot for graph 234/341
Running dot for graph 235/341
Running dot for graph 236/341
Running dot for graph 237/341
Running dot for graph 238/341
Running dot for graph 239/341
Running dot for graph 240/341
Running dot for graph 241/341
Running dot for graph 242/341
Running dot for graph 243/341
Running dot for graph 244/341
Running dot for graph 245/341
Running dot for graph 246/341
Running dot for graph 247/341
Running dot for graph 248/341
Running dot for graph 249/341
Running dot for graph 250/341
Running dot for graph 251/341
Running dot for graph 252/341
Running dot for graph 253/341
Running dot for graph 254/341
Running dot for graph 255/341
Running dot for graph 256/341
Running dot for graph 257/341
Running dot for graph 258/341
Running dot for graph 259/341
Running dot for graph 260/341
Running dot for graph 261/341
Running dot for graph 262/341
Running dot for graph 263/341
Running dot for graph 264/341
Running dot for graph 265/341
Running dot for graph 266/341
Running dot for graph 267/341
Running dot for graph 268/341
Running dot for graph 269/341
Running dot for graph 270/341
Running dot for graph 271/341
Running dot for graph 272/341
Running dot for graph 273/341
Running dot for graph 274/341
Running dot for graph 275/341
Running dot for graph 276/341
Running dot for graph 277/341
Running dot for graph 278/341
Running dot for graph 279/341
Running dot for graph 280/341
Running dot for graph 281/341
Running dot for graph 282/341
Running dot for graph 283/341
Running dot for graph 284/341
Running dot for graph 285/341
Running dot for graph 286/341
Running dot for graph 287/341
Running dot for graph 288/341
Running dot for graph 289/341
Running dot for graph 290/341
Running dot for graph 291/341
Running dot for graph 292/341
Running dot for graph 293/341
Running dot for graph 294/341
Running dot for graph 295/341
Running dot for graph 296/341
Running dot for graph 297/341
Running dot for graph 298/341
Running dot for graph 299/341
Running dot for graph 300/341
Running dot for graph 301/341
Running dot for graph 302/341
Running dot for graph 303/341
Running dot for graph 304/341
Running dot for graph 305/341
Running dot for graph 306/341
Running dot for graph 307/341
Running dot for graph 308/341
Running dot for graph 309/341
Running dot for graph 310/341
Running dot for graph 311/341
Running dot for graph 312/341
Running dot for graph 313/341
Running dot for graph 314/341
Running dot for graph 315/341
Running dot for graph 316/341
Running dot for graph 317/341
Running dot for graph 318/341
Running dot for graph 319/341
Running dot for graph 320/341
Running dot for graph 321/341
Running dot for graph 322/341
Running dot for graph 323/341
Running dot for graph 324/341
Running dot for graph 325/341
Running dot for graph 326/341
Running dot for graph 327/341
Running dot for graph 328/341
Running dot for graph 329/341
Running dot for graph 330/341
Running dot for graph 331/341
Running dot for graph 332/341
Running dot for graph 333/341
Running dot for graph 334/341
Running dot for graph 335/341
Running dot for graph 336/341
Running dot for graph 337/341
Running dot for graph 338/341
Running dot for graph 339/341
Running dot for graph 340/341
Running dot for graph 341/341
Patching output file 1/100
Patching output file 2/100
Patching output file 3/100
Patching output file 4/100
Patching output file 5/100
Patching output file 6/100
Patching output file 7/100
Patching output file 8/100
Patching output file 9/100
Patching output file 10/100
Patching output file 11/100
Patching output file 12/100
Patching output file 13/100
Patching output file 14/100
Patching output file 15/100
Patching output file 16/100
Patching output file 17/100
Patching output file 18/100
Patching output file 19/100
Patching output file 20/100
Patching output file 21/100
Patching output file 22/100
Patching output file 23/100
Patching output file 24/100
Patching output file 25/100
Patching output file 26/100
Patching output file 27/100
Patching output file 28/100
Patching output file 29/100
Patching output file 30/100
Patching output file 31/100
Patching output file 32/100
Patching output file 33/100
Patching output file 34/100
Patching output file 35/100
Patching output file 36/100
Patching output file 37/100
Patching output file 38/100
Patching output file 39/100
Patching output file 40/100
Patching output file 41/100
Patching output file 42/100
Patching output file 43/100
Patching output file 44/100
Patching output file 45/100
Patching output file 46/100
Patching output file 47/100
Patching output file 48/100
Patching output file 49/100
Patching output file 50/100
Patching output file 51/100
Patching output file 52/100
Patching output file 53/100
Patching output file 54/100
Patching output file 55/100
Patching output file 56/100
Patching output file 57/100
Patching output file 58/100
Patching output file 59/100
Patching output file 60/100
Patching output file 61/100
Patching output file 62/100
Patching output file 63/100
Patching output file 64/100
Patching output file 65/100
Patching output file 66/100
Patching output file 67/100
Patching output file 68/100
Patching output file 69/100
Patching output file 70/100
Patching output file 71/100
Patching output file 72/100
Patching output file 73/100
Patching output file 74/100
Patching output file 75/100
Patching output file 76/100
Patching output file 77/100
Patching output file 78/100
Patching output file 79/100
Patching output file 80/100
Patching output file 81/100
Patching output file 82/100
Patching output file 83/100
Patching output file 84/100
Patching output file 85/100
Patching output file 86/100
Patching output file 87/100
Patching output file 88/100
Patching output file 89/100
Patching output file 90/100
Patching output file 91/100
Patching output file 92/100
Patching output file 93/100
Patching output file 94/100
Patching output file 95/100
Patching output file 96/100
Patching output file 97/100
Patching output file 98/100
Patching output file 99/100
Patching output file 100/100
lookup cache used 928/65536 hits=5340 misses=968
finished...
